<?xml version="1.0" encoding="utf-8"?><testsuites name="pytest tests"><testsuite name="pytest" errors="0" failures="0" skipped="0" tests="33" time="0.664" timestamp="2026-07-04T14:16:59.062182+00:00" hostname="agent-env-54423f00-b191-4e6a-9297-93ae71702ed4"><testcase classname="tests.test_twilio_outbound_gate" name="test_1_call_creation_uses_url_callback_not_inline_twiml" time="0.009" /><testcase classname="tests.test_twilio_outbound_gate" name="test_2_no_opener_in_initial_call_request" time="0.003" /><testcase classname="tests.test_twilio_outbound_gate" name="test_3_and_4_answer_does_not_speak" time="0.005" /><testcase classname="tests.test_twilio_outbound_gate" name="test_5_and_6a_greeting_silent_gather_no_say" time="0.004" /><testcase classname="tests.test_twilio_outbound_gate" name="test_6b_respond_plays_elevenlabs_never_says" time="0.008" /><testcase classname="tests.test_twilio_outbound_gate" name="test_7_voicemail_and_ivr_do_not_start_conversation" time="0.008" /><testcase classname="tests.test_twilio_outbound_gate" name="test_8_dnc_request_writes_to_dnc_list" time="0.005" /><testcase classname="tests.test_twilio_outbound_gate" name="test_9_dialer_skips_dnc_numbers" time="0.003" /><testcase classname="tests.test_twilio_outbound_gate" name="test_classify_speech_human_vs_machine" time="0.000" /><testcase classname="tests.test_twilio_outbound_gate" name="test_10_kill_switch_blocks_outbound" time="0.003" /><testcase classname="tests.test_twilio_outbound_gate" name="test_classify_speech_human_vs_machine_DUPLICATE_GUARD" time="0.000" /><testcase classname="tests.test_twilio_outbound_gate" name="test_11a_admin_status_sentinel_blocks_live_dial" time="0.003" /><testcase classname="tests.test_twilio_outbound_gate" name="test_11b_admin_status_passing_report_allows_live_dial" time="0.002" /><testcase classname="tests.test_twilio_outbound_gate" name="test_11c_admin_status_missing_report_blocks_live_dial" time="0.002" /><testcase classname="tests.test_twilio_outbound_gate" name="test_11d_admin_status_failing_report_blocks_live_dial" time="0.003" /><testcase classname="tests.test_twilio_outbound_gate" name="test_11e_admin_status_malformed_report_treated_as_unknown" time="0.002" /><testcase classname="tests.test_twilio_outbound_gate" name="test_12a_elevenlabs_status_safe_after_successful_synth" time="0.002" /><testcase classname="tests.test_twilio_outbound_gate" name="test_12b_elevenlabs_status_down_when_api_unreachable" time="0.002" /><testcase classname="tests.test_twilio_outbound_gate" name="test_12c_elevenlabs_status_warn_on_high_latency" time="0.002" /><testcase classname="tests.test_twilio_outbound_gate" name="test_12d_elevenlabs_response_contains_no_secrets" time="0.002" /><testcase classname="tests.test_twilio_outbound_gate" name="test_12e_no_synth_loop_on_repeated_polling" time="0.015" /><testcase classname="tests.test_ranktrust_webhook" name="test_1_hmac_valid_and_tampered" time="0.004" /><testcase classname="tests.test_ranktrust_webhook" name="test_2_token_fallback_query_and_header" time="0.004" /><testcase classname="tests.test_ranktrust_webhook" name="test_3_unauthorized_no_db_write" time="0.003" /><testcase classname="tests.test_ranktrust_webhook" name="test_4_missing_phone_needs_phone" time="0.054" /><testcase classname="tests.test_ranktrust_webhook" name="test_5_scheduled_row_created" time="0.004" /><testcase classname="tests.test_ranktrust_webhook" name="test_6_idempotent_on_packet_id" time="0.004" /><testcase classname="tests.test_ranktrust_webhook" name="test_7_delay_range_validation" time="0.003" /><testcase classname="tests.test_ranktrust_webhook" name="test_8_scheduler_respects_kill_switch" time="0.004" /><testcase classname="tests.test_ranktrust_webhook" name="test_9_scheduler_respects_dnc" time="0.004" /><testcase classname="tests.test_ranktrust_webhook" name="test_10_scheduler_happy_path" time="0.054" /><testcase classname="tests.test_ranktrust_webhook" name="test_11_callback_bearer_uses_token_but_body_omits_secrets" time="0.055" /><testcase classname="tests.test_ranktrust_webhook" name="test_12_public_view_redacts_callback_token" time="0.005" /></testsuite></testsuites>