<?xml version="1.0" encoding="utf-8"?><testsuites name="pytest tests"><testsuite name="pytest" errors="0" failures="0" skipped="0" tests="12" time="6.604" timestamp="2026-03-25T19:24:21.690599+00:00" hostname="agent-env-57965997-5383-4170-a3b0-5fb42208a929"><testcase classname="backend.tests.test_phone_verification.TestPhoneVerification" name="test_verify_phone_endpoint_exists" time="0.607" /><testcase classname="backend.tests.test_phone_verification.TestPhoneVerification" name="test_verify_phone_returns_verification_data" time="0.565" /><testcase classname="backend.tests.test_phone_verification.TestPhoneVerification" name="test_verify_phone_updates_lead" time="0.571" /><testcase classname="backend.tests.test_phone_verification.TestPhoneVerification" name="test_verify_phone_nonexistent_lead" time="0.472" /><testcase classname="backend.tests.test_phone_verification.TestPhoneVerification" name="test_verify_phone_requires_auth" time="0.723" /><testcase classname="backend.tests.test_phone_verification.TestPhoneVerification" name="test_bulk_verify_endpoint_exists" time="0.459" /><testcase classname="backend.tests.test_phone_verification.TestPhoneVerification" name="test_bulk_verify_with_lead_ids" time="0.687" /><testcase classname="backend.tests.test_phone_verification.TestPhoneVerification" name="test_bulk_verify_all_unverified" time="0.621" /><testcase classname="backend.tests.test_phone_verification.TestPhoneVerification" name="test_bulk_verify_requires_params" time="0.498" /><testcase classname="backend.tests.test_phone_verification.TestPhoneVerification" name="test_bulk_verify_requires_auth" time="0.529" /><testcase classname="backend.tests.test_phone_verification.TestLineTypeFilter" name="test_leads_endpoint_returns_line_type" time="0.378" /><testcase classname="backend.tests.test_phone_verification.TestLineTypeFilter" name="test_leads_have_phone_verified_field" time="0.439" /></testsuite></testsuites>