<?xml version="1.0" encoding="utf-8"?><testsuites name="pytest tests"><testsuite name="pytest" errors="0" failures="0" skipped="2" tests="33" time="37.755" timestamp="2026-04-05T16:57:53.847991+00:00" hostname="agent-env-54423f00-b191-4e6a-9297-93ae71702ed4"><testcase classname="tests.test_calls_module.TestCallsModuleSetup" name="test_admin_login" time="32.049" /><testcase classname="tests.test_calls_module.TestTwilioStatus" name="test_twilio_status_returns_configuration" time="0.185" /><testcase classname="tests.test_calls_module.TestCallsList" name="test_list_calls_requires_auth" time="0.139" /><testcase classname="tests.test_calls_module.TestCallsList" name="test_list_calls_authenticated" time="0.332" /><testcase classname="tests.test_calls_module.TestCallsList" name="test_list_calls_with_status_filter" time="0.109" /><testcase classname="tests.test_calls_module.TestCallsList" name="test_list_calls_with_limit" time="0.108" /><testcase classname="tests.test_calls_module.TestGetSingleCall" name="test_get_call_requires_auth" time="0.401" /><testcase classname="tests.test_calls_module.TestGetSingleCall" name="test_get_call_authenticated" time="0.114" /><testcase classname="tests.test_calls_module.TestGetSingleCall" name="test_get_call_not_found" time="0.136" /><testcase classname="tests.test_calls_module.TestGetSingleCall" name="test_get_call_user_isolation" time="0.260" /><testcase classname="tests.test_calls_module.TestAnalytics" name="test_analytics_requires_auth" time="0.109" /><testcase classname="tests.test_calls_module.TestAnalytics" name="test_analytics_default_range" time="0.239" /><testcase classname="tests.test_calls_module.TestAnalytics" name="test_analytics_7d_range" time="0.142" /><testcase classname="tests.test_calls_module.TestAnalytics" name="test_analytics_30d_range" time="0.103" /><testcase classname="tests.test_calls_module.TestAnalytics" name="test_analytics_90d_range" time="0.101" /><testcase classname="tests.test_calls_module.TestAnalytics" name="test_analytics_all_range" time="0.109" /><testcase classname="tests.test_calls_module.TestAnalytics" name="test_analytics_invalid_range" time="0.114" /><testcase classname="tests.test_calls_module.TestAMDStatus" name="test_amd_status_requires_auth" time="0.378" /><testcase classname="tests.test_calls_module.TestAMDStatus" name="test_amd_status_authenticated" time="0.098" /><testcase classname="tests.test_calls_module.TestAMDStatus" name="test_amd_status_not_found" time="0.113" /><testcase classname="tests.test_calls_module.TestRecording" name="test_recording_requires_auth" time="0.360" /><testcase classname="tests.test_calls_module.TestRecording" name="test_recording_with_unlimited_tier" time="0.113" /><testcase classname="tests.test_calls_module.TestRecording" name="test_recording_not_found" time="0.116" /><testcase classname="tests.test_calls_module.TestTranscript" name="test_transcript_requires_auth" time="0.349" /><testcase classname="tests.test_calls_module.TestTranscript" name="test_transcript_with_unlimited_tier" time="0.109" /><testcase classname="tests.test_calls_module.TestTranscript" name="test_transcript_not_found" time="0.096" /><testcase classname="tests.test_calls_module.TestUserIsolation" name="test_user_b_cannot_access_admin_call" time="0.503" /><testcase classname="tests.test_calls_module.TestUserIsolation" name="test_user_b_cannot_access_admin_amd_status" time="0.113" /><testcase classname="tests.test_calls_module.TestUserIsolation" name="test_user_b_cannot_access_admin_recording" time="0.122" /><testcase classname="tests.test_calls_module.TestUserIsolation" name="test_user_b_cannot_access_admin_transcript" time="0.107" /><testcase classname="tests.test_calls_module.TestUserIsolation" name="test_users_see_only_their_own_calls" time="0.218" /><testcase classname="tests.test_calls_module.TestTierRestrictions" name="test_free_user_recording_access" time="0.110"><skipped type="pytest.skip" message="Free trial user not available">/app/backend/tests/test_calls_module.py:516: Free trial user not available</skipped></testcase><testcase classname="tests.test_calls_module.TestTierRestrictions" name="test_free_user_transcript_access" time="0.000"><skipped type="pytest.skip" message="Free trial user not available">/app/backend/tests/test_calls_module.py:536: Free trial user not available</skipped></testcase></testsuite></testsuites>