<?xml version="1.0" encoding="utf-8"?><testsuites name="pytest tests"><testsuite name="pytest" errors="0" failures="0" skipped="1" tests="20" time="5.222" timestamp="2026-07-17T18:28:56.049774+00:00" hostname="agent-env-512013ce-3479-456b-ac6e-03dbc26a4df6"><testcase classname="tests.test_vm_api_iter32" name="test_s1a_create_with_resolvable_callback_returns_200" time="0.576" /><testcase classname="tests.test_vm_api_iter32" name="test_s1b_create_with_vm_on_no_cb_hits_twilio_fallback" time="0.336" /><testcase classname="tests.test_vm_api_iter32" name="test_s2_update_message_and_callback_persist" time="0.557" /><testcase classname="tests.test_vm_api_iter32" name="test_s6_audio_url_reachable_if_present" time="0.276"><skipped type="pytest.skip" message="no cloned voice for test user — voicemail_audio_url null (user-verified in prod)">/app/backend/tests/test_vm_api_iter32.py:142: no cloned voice for test user — voicemail_audio_url null (user-verified in prod)</skipped></testcase><testcase classname="tests.test_vm_api_iter32" name="test_s7a_start_with_resolvable_callback_returns_200" time="0.379" /><testcase classname="tests.test_vm_api_iter32" name="test_s7b_source_has_all_three_callback_guards" time="0.000" /><testcase classname="tests.test_vm_launch_blocker" name="test_section6_vm_audio_missing_token_returns_404" time="0.122" /><testcase classname="tests.test_vm_launch_blocker" name="test_section2_update_campaign_persists_callback_and_message" time="0.665" /><testcase classname="tests.test_vm_config" name="test_1_normalize_phone_for_speech" time="2.160" /><testcase classname="tests.test_vm_config" name="test_2a_callback_uses_campaign_field_first" time="0.002" /><testcase classname="tests.test_vm_config" name="test_2b_callback_falls_back_to_user_profile" time="0.001" /><testcase classname="tests.test_vm_config" name="test_2c_callback_falls_back_to_env" time="0.001" /><testcase classname="tests.test_vm_config" name="test_2d_callback_returns_none_when_nothing_available" time="0.001" /><testcase classname="tests.test_vm_config" name="test_3a_agent_name_uses_linked_agent" time="0.001" /><testcase classname="tests.test_vm_config" name="test_3b_agent_name_falls_back_to_user_profile" time="0.001" /><testcase classname="tests.test_vm_config" name="test_3c_agent_name_default_when_missing_everywhere" time="0.001" /><testcase classname="tests.test_vm_config" name="test_4_hydrate_attaches_resolved_fields" time="0.001" /><testcase classname="tests.test_vm_config" name="test_5_twiml_interpolates_four_variables" time="0.000" /><testcase classname="tests.test_vm_config" name="test_6_twiml_never_speaks_unresolved_literal_placeholder" time="0.000" /><testcase classname="tests.test_vm_config" name="test_7_default_script_is_well_formed" time="0.000" /></testsuite></testsuites>