<?xml version="1.0" encoding="utf-8"?><testsuites name="pytest tests"><testsuite name="pytest" errors="0" failures="0" skipped="0" tests="24" time="11.714" timestamp="2026-03-25T19:06:51.871565+00:00" hostname="agent-env-57965997-5383-4170-a3b0-5fb42208a929"><testcase classname="backend.tests.test_setup_status.TestSetupStatusAPI" name="test_setup_status_endpoint_returns_200" time="0.633" /><testcase classname="backend.tests.test_setup_status.TestSetupStatusAPI" name="test_setup_status_returns_steps_array" time="0.460" /><testcase classname="backend.tests.test_setup_status.TestSetupStatusAPI" name="test_setup_status_step_structure" time="0.458" /><testcase classname="backend.tests.test_setup_status.TestSetupStatusAPI" name="test_setup_status_contains_all_required_steps" time="0.469" /><testcase classname="backend.tests.test_setup_status.TestSetupStatusAPI" name="test_setup_status_completion_percentage" time="0.476" /><testcase classname="backend.tests.test_setup_status.TestSetupStatusAPI" name="test_setup_status_all_required_complete_field" time="0.453" /><testcase classname="backend.tests.test_setup_status.TestSetupStatusAPI" name="test_setup_status_can_make_calls_field" time="0.460" /><testcase classname="backend.tests.test_setup_status.TestSetupStatusAPI" name="test_setup_status_setup_wizard_completed_field" time="0.480" /><testcase classname="backend.tests.test_setup_status.TestSetupStatusAPI" name="test_setup_status_required_counts" time="0.480" /><testcase classname="backend.tests.test_setup_status.TestSetupStatusAPI" name="test_setup_status_requires_authentication" time="0.461" /><testcase classname="backend.tests.test_setup_status.TestSetupCanCallAPI" name="test_can_call_endpoint_returns_200" time="0.521" /><testcase classname="backend.tests.test_setup_status.TestSetupCanCallAPI" name="test_can_call_returns_can_make_calls_field" time="0.440" /><testcase classname="backend.tests.test_setup_status.TestSetupCanCallAPI" name="test_can_call_returns_missing_steps" time="0.484" /><testcase classname="backend.tests.test_setup_status.TestSetupCanCallAPI" name="test_can_call_requires_authentication" time="0.475" /><testcase classname="backend.tests.test_setup_status.TestSetupWizardComplete" name="test_setup_wizard_complete_endpoint_returns_200" time="0.457" /><testcase classname="backend.tests.test_setup_status.TestSetupWizardComplete" name="test_setup_wizard_complete_returns_message" time="0.540" /><testcase classname="backend.tests.test_setup_status.TestSetupWizardComplete" name="test_setup_wizard_complete_updates_status" time="0.586" /><testcase classname="backend.tests.test_setup_status.TestSetupWizardComplete" name="test_setup_wizard_complete_requires_authentication" time="0.473" /><testcase classname="backend.tests.test_setup_status.TestStepCompletionStatus" name="test_twilio_step_status" time="0.468" /><testcase classname="backend.tests.test_setup_status.TestStepCompletionStatus" name="test_calendly_step_status" time="0.472" /><testcase classname="backend.tests.test_setup_status.TestStepCompletionStatus" name="test_compliance_step_status" time="0.481" /><testcase classname="backend.tests.test_setup_status.TestStepCompletionStatus" name="test_agent_step_status" time="0.470" /><testcase classname="backend.tests.test_setup_status.TestStepCompletionStatus" name="test_campaign_step_status" time="0.480" /><testcase classname="backend.tests.test_setup_status.TestStepCompletionStatus" name="test_crm_step_is_optional" time="0.477" /></testsuite></testsuites>