<?xml version="1.0" encoding="utf-8"?><testsuites name="pytest tests"><testsuite name="pytest" errors="0" failures="0" skipped="0" tests="17" time="36.317" timestamp="2026-04-05T15:34:24.116683+00:00" hostname="agent-env-54423f00-b191-4e6a-9297-93ae71702ed4"><testcase classname="backend.tests.test_auth_module.TestAuthLogin" name="test_login_success" time="32.933" /><testcase classname="backend.tests.test_auth_module.TestAuthLogin" name="test_login_invalid_email" time="0.174" /><testcase classname="backend.tests.test_auth_module.TestAuthLogin" name="test_login_invalid_password" time="0.131" /><testcase classname="backend.tests.test_auth_module.TestAuthLogin" name="test_login_missing_fields" time="0.223" /><testcase classname="backend.tests.test_auth_module.TestAuthMe" name="test_get_me_with_bearer_token" time="0.236" /><testcase classname="backend.tests.test_auth_module.TestAuthMe" name="test_get_me_with_cookie" time="0.244" /><testcase classname="backend.tests.test_auth_module.TestAuthMe" name="test_get_me_no_auth" time="0.099" /><testcase classname="backend.tests.test_auth_module.TestAuthMe" name="test_get_me_invalid_token" time="0.114" /><testcase classname="backend.tests.test_auth_module.TestAuthLogout" name="test_logout_success" time="0.459" /><testcase classname="backend.tests.test_auth_module.TestAuthLogout" name="test_logout_without_session" time="0.115" /><testcase classname="backend.tests.test_auth_module.TestSessionPersistence" name="test_session_persists_across_requests" time="0.489" /><testcase classname="backend.tests.test_auth_module.TestPhoneVerification" name="test_send_verification_existing_email" time="0.100" /><testcase classname="backend.tests.test_auth_module.TestPhoneVerification" name="test_send_verification_new_email" time="0.367" /><testcase classname="backend.tests.test_auth_module.TestPhoneVerification" name="test_verify_phone_invalid_code" time="0.102" /><testcase classname="backend.tests.test_auth_module.TestOAuthSession" name="test_session_exchange_missing_session_id" time="0.104" /><testcase classname="backend.tests.test_auth_module.TestOAuthSession" name="test_session_exchange_invalid_session_id" time="0.212" /><testcase classname="backend.tests.test_auth_module.TestCookieSettings" name="test_login_sets_cookie_correctly" time="0.148" /></testsuite></testsuites>