<?xml version="1.0" encoding="utf-8"?><testsuites name="pytest tests"><testsuite name="pytest" errors="0" failures="0" skipped="0" tests="31" time="5.432" timestamp="2026-03-24T23:15:55.034962+00:00" hostname="agent-env-9067787c-0cf5-4188-a407-fea6af26bc1d"><testcase classname="backend.tests.test_multi_tenant_isolation.TestMultiTenantIsolation" name="test_user_a_can_create_lead" time="0.565" /><testcase classname="backend.tests.test_multi_tenant_isolation.TestMultiTenantIsolation" name="test_user_b_can_create_lead" time="0.467" /><testcase classname="backend.tests.test_multi_tenant_isolation.TestMultiTenantIsolation" name="test_user_a_can_only_see_own_leads" time="0.108" /><testcase classname="backend.tests.test_multi_tenant_isolation.TestMultiTenantIsolation" name="test_user_b_can_only_see_own_leads" time="0.102" /><testcase classname="backend.tests.test_multi_tenant_isolation.TestMultiTenantIsolation" name="test_user_b_cannot_read_user_a_lead_by_id" time="0.107" /><testcase classname="backend.tests.test_multi_tenant_isolation.TestMultiTenantIsolation" name="test_user_b_cannot_update_user_a_lead" time="0.130" /><testcase classname="backend.tests.test_multi_tenant_isolation.TestMultiTenantIsolation" name="test_user_b_cannot_delete_user_a_lead" time="0.119" /><testcase classname="backend.tests.test_multi_tenant_isolation.TestMultiTenantIsolation" name="test_user_a_lead_still_exists_after_user_b_delete_attempt" time="0.183" /><testcase classname="backend.tests.test_multi_tenant_isolation.TestMultiTenantIsolation" name="test_user_a_can_create_campaign" time="0.129" /><testcase classname="backend.tests.test_multi_tenant_isolation.TestMultiTenantIsolation" name="test_user_b_can_create_campaign" time="0.120" /><testcase classname="backend.tests.test_multi_tenant_isolation.TestMultiTenantIsolation" name="test_user_a_can_only_see_own_campaigns" time="0.132" /><testcase classname="backend.tests.test_multi_tenant_isolation.TestMultiTenantIsolation" name="test_user_b_cannot_access_user_a_campaign" time="0.109" /><testcase classname="backend.tests.test_multi_tenant_isolation.TestMultiTenantIsolation" name="test_user_b_cannot_update_user_a_campaign" time="0.131" /><testcase classname="backend.tests.test_multi_tenant_isolation.TestMultiTenantIsolation" name="test_user_b_cannot_delete_user_a_campaign" time="0.125" /><testcase classname="backend.tests.test_multi_tenant_isolation.TestMultiTenantIsolation" name="test_user_a_can_create_agent" time="0.122" /><testcase classname="backend.tests.test_multi_tenant_isolation.TestMultiTenantIsolation" name="test_user_b_can_create_agent" time="0.162" /><testcase classname="backend.tests.test_multi_tenant_isolation.TestMultiTenantIsolation" name="test_user_a_can_only_see_own_agents" time="0.107" /><testcase classname="backend.tests.test_multi_tenant_isolation.TestMultiTenantIsolation" name="test_user_b_cannot_access_user_a_agent" time="0.116" /><testcase classname="backend.tests.test_multi_tenant_isolation.TestMultiTenantIsolation" name="test_user_b_cannot_update_user_a_agent" time="0.105" /><testcase classname="backend.tests.test_multi_tenant_isolation.TestMultiTenantIsolation" name="test_user_b_cannot_delete_user_a_agent" time="0.116" /><testcase classname="backend.tests.test_multi_tenant_isolation.TestMultiTenantIsolation" name="test_user_a_can_create_webhook" time="0.151" /><testcase classname="backend.tests.test_multi_tenant_isolation.TestMultiTenantIsolation" name="test_user_b_can_create_webhook" time="0.107" /><testcase classname="backend.tests.test_multi_tenant_isolation.TestMultiTenantIsolation" name="test_user_a_can_only_see_own_webhooks" time="0.210" /><testcase classname="backend.tests.test_multi_tenant_isolation.TestMultiTenantIsolation" name="test_user_b_cannot_update_user_a_webhook" time="0.107" /><testcase classname="backend.tests.test_multi_tenant_isolation.TestMultiTenantIsolation" name="test_user_b_cannot_delete_user_a_webhook" time="0.116" /><testcase classname="backend.tests.test_multi_tenant_isolation.TestMultiTenantIsolation" name="test_user_a_can_only_see_own_calls" time="0.116" /><testcase classname="backend.tests.test_multi_tenant_isolation.TestMultiTenantIsolation" name="test_user_b_can_only_see_own_calls" time="0.109" /><testcase classname="backend.tests.test_multi_tenant_isolation.TestMultiTenantIsolation" name="test_user_a_dashboard_stats_only_show_own_data" time="0.133" /><testcase classname="backend.tests.test_multi_tenant_isolation.TestMultiTenantIsolation" name="test_user_b_dashboard_stats_only_show_own_data" time="0.108" /><testcase classname="backend.tests.test_multi_tenant_isolation.TestMultiTenantIsolation" name="test_cleanup_user_a_data" time="0.444" /><testcase classname="backend.tests.test_multi_tenant_isolation.TestMultiTenantIsolation" name="test_cleanup_user_b_data" time="0.486" /></testsuite></testsuites>