<?xml version="1.0" encoding="utf-8"?><testsuites name="pytest tests"><testsuite name="pytest" errors="0" failures="0" skipped="0" tests="16" time="6.648" timestamp="2026-03-25T11:24:47.737534+00:00" hostname="agent-env-dbdb4538-971c-417f-a70d-d24afab88327"><testcase classname="backend.tests.test_crm_integration.TestCRMStatusEndpoint" name="test_crm_status_returns_all_providers" time="0.431" /><testcase classname="backend.tests.test_crm_integration.TestCRMStatusEndpoint" name="test_crm_status_without_auth_fails" time="0.426" /><testcase classname="backend.tests.test_crm_integration.TestCRMTierGating" name="test_starter_tier_user_gets_403_on_crm_status" time="0.366" /><testcase classname="backend.tests.test_crm_integration.TestCRMTierGating" name="test_starter_tier_user_gets_403_on_crm_connect" time="0.360" /><testcase classname="backend.tests.test_crm_integration.TestCRMConnectEndpoint" name="test_connect_crm_with_invalid_api_key" time="0.519" /><testcase classname="backend.tests.test_crm_integration.TestCRMConnectEndpoint" name="test_connect_crm_with_invalid_provider" time="0.452" /><testcase classname="backend.tests.test_crm_integration.TestCRMConnectEndpoint" name="test_connect_salesforce_requires_instance_url" time="0.394" /><testcase classname="backend.tests.test_crm_integration.TestCRMConnectEndpoint" name="test_connect_crm_request_structure" time="0.674" /><testcase classname="backend.tests.test_crm_integration.TestCRMDisconnectEndpoint" name="test_disconnect_crm_not_connected" time="0.365" /><testcase classname="backend.tests.test_crm_integration.TestCRMDisconnectEndpoint" name="test_disconnect_invalid_provider" time="0.366" /><testcase classname="backend.tests.test_crm_integration.TestCRMDisconnectEndpoint" name="test_disconnect_all_providers" time="0.475" /><testcase classname="backend.tests.test_crm_integration.TestCRMPushLogsEndpoint" name="test_get_push_logs_empty" time="0.410" /><testcase classname="backend.tests.test_crm_integration.TestCRMPushLogsEndpoint" name="test_get_push_logs_with_limit" time="0.390" /><testcase classname="backend.tests.test_crm_integration.TestCRMPushLogsEndpoint" name="test_get_push_logs_with_provider_filter" time="0.357" /><testcase classname="backend.tests.test_crm_integration.TestCRMPushLogsEndpoint" name="test_get_push_logs_without_auth_fails" time="0.105" /><testcase classname="backend.tests.test_crm_integration.TestCRMAutoQualifiedPush" name="test_lead_update_to_qualified_triggers_crm_push" time="0.476" /></testsuite></testsuites>