<?xml version="1.0" encoding="utf-8"?><testsuites name="pytest tests"><testsuite name="pytest" errors="0" failures="0" skipped="0" tests="24" time="41.281" timestamp="2026-04-05T17:13:26.450801+00:00" hostname="agent-env-54423f00-b191-4e6a-9297-93ae71702ed4"><testcase classname="backend.tests.test_phase7_modules.TestSettingsEndpoints" name="test_get_settings_success" time="33.503" /><testcase classname="backend.tests.test_phase7_modules.TestSettingsEndpoints" name="test_update_settings_success" time="0.386" /><testcase classname="backend.tests.test_phase7_modules.TestPacksEndpoints" name="test_get_packs_success" time="0.131" /><testcase classname="backend.tests.test_phase7_modules.TestAccountUsageEndpoints" name="test_get_account_usage_authenticated" time="0.284" /><testcase classname="backend.tests.test_phase7_modules.TestAccountUsageEndpoints" name="test_get_account_usage_unauthenticated" time="0.283" /><testcase classname="backend.tests.test_phase7_modules.TestBookingsEndpoints" name="test_get_bookings_authenticated" time="0.286" /><testcase classname="backend.tests.test_phase7_modules.TestBookingsEndpoints" name="test_get_bookings_unauthenticated" time="0.285" /><testcase classname="backend.tests.test_phase7_modules.TestBookingsEndpoints" name="test_get_bookings_with_status_filter" time="0.258" /><testcase classname="backend.tests.test_phase7_modules.TestBookingsEndpoints" name="test_get_bookings_with_limit" time="0.271" /><testcase classname="backend.tests.test_phase7_modules.TestBookingsEndpoints" name="test_get_booking_not_found" time="0.262" /><testcase classname="backend.tests.test_phase7_modules.TestSubscriptionFeaturesEndpoints" name="test_get_subscription_features_unlimited_tier" time="0.388" /><testcase classname="backend.tests.test_phase7_modules.TestSubscriptionFeaturesEndpoints" name="test_get_subscription_features_free_tier" time="0.442" /><testcase classname="backend.tests.test_phase7_modules.TestSubscriptionFeaturesEndpoints" name="test_get_subscription_features_unauthenticated" time="0.408" /><testcase classname="backend.tests.test_phase7_modules.TestSubscriptionsEndpoints" name="test_get_current_subscription" time="0.264" /><testcase classname="backend.tests.test_phase7_modules.TestSubscriptionsEndpoints" name="test_get_current_subscription_unauthenticated" time="0.246" /><testcase classname="backend.tests.test_phase7_modules.TestSubscriptionsEndpoints" name="test_get_subscription_invoices" time="0.250" /><testcase classname="backend.tests.test_phase7_modules.TestSubscriptionsEndpoints" name="test_get_subscription_invoices_unauthenticated" time="0.253" /><testcase classname="backend.tests.test_phase7_modules.TestTeamManagementEndpoints" name="test_get_team_members_unlimited_tier" time="0.410" /><testcase classname="backend.tests.test_phase7_modules.TestTeamManagementEndpoints" name="test_get_team_members_free_tier_access" time="0.412" /><testcase classname="backend.tests.test_phase7_modules.TestTeamManagementEndpoints" name="test_get_team_members_unauthenticated" time="0.393" /><testcase classname="backend.tests.test_phase7_modules.TestUserIsolation" name="test_bookings_user_isolation" time="0.491" /><testcase classname="backend.tests.test_phase7_modules.TestUserIsolation" name="test_account_usage_user_isolation" time="0.490" /><testcase classname="backend.tests.test_phase7_modules.TestEndpointIntegration" name="test_settings_and_packs_consistency" time="0.454" /><testcase classname="backend.tests.test_phase7_modules.TestEndpointIntegration" name="test_subscription_features_match_tier" time="0.342" /></testsuite></testsuites>