<?xml version="1.0" encoding="utf-8"?><testsuites name="pytest tests"><testsuite name="pytest" errors="0" failures="0" skipped="0" tests="10" time="7.486" timestamp="2026-03-27T15:46:45.784630+00:00" hostname="agent-env-54423f00-b191-4e6a-9297-93ae71702ed4"><testcase classname="backend.tests.test_voice_cloning.TestVoiceCloning" name="test_get_preset_voices" time="0.562" /><testcase classname="backend.tests.test_voice_cloning.TestVoiceCloning" name="test_get_cloned_voices" time="1.086" /><testcase classname="backend.tests.test_voice_cloning.TestVoiceCloning" name="test_get_preset_voices_unauthorized" time="0.529" /><testcase classname="backend.tests.test_voice_cloning.TestVoiceCloning" name="test_get_cloned_voices_unauthorized" time="0.480" /><testcase classname="backend.tests.test_voice_cloning.TestAgentVoiceSettings" name="test_get_agents_with_voice_settings" time="0.606" /><testcase classname="backend.tests.test_voice_cloning.TestAgentVoiceSettings" name="test_update_agent_voice_preset" time="0.811" /><testcase classname="backend.tests.test_voice_cloning.TestAgentVoiceSettings" name="test_update_agent_voice_invalid_cloned" time="0.561" /><testcase classname="backend.tests.test_voice_cloning.TestVoicePreview" name="test_voice_preview_endpoint_exists" time="1.847" /><testcase classname="backend.tests.test_voice_cloning.TestVoiceCloneEndpoint" name="test_clone_voice_requires_files" time="0.475" /><testcase classname="backend.tests.test_voice_cloning.TestVoiceCloneEndpoint" name="test_clone_voice_requires_name" time="0.467" /></testsuite></testsuites>