<?xml version="1.0" encoding="utf-8"?><testsuites name="pytest tests"><testsuite name="pytest" errors="0" failures="0" skipped="0" tests="28" time="21.681" timestamp="2026-04-05T15:52:51.678434+00:00" hostname="agent-env-54423f00-b191-4e6a-9297-93ae71702ed4"><testcase classname="backend.tests.test_leads_module.TestLeadsModuleSetup" name="test_base_url_configured" time="0.000" /><testcase classname="backend.tests.test_leads_module.TestLeadsModuleSetup" name="test_admin_login" time="0.231" /><testcase classname="backend.tests.test_leads_module.TestLeadsCRUD" name="test_create_lead" time="0.259" /><testcase classname="backend.tests.test_leads_module.TestLeadsCRUD" name="test_create_lead_minimal" time="0.094" /><testcase classname="backend.tests.test_leads_module.TestLeadsCRUD" name="test_create_lead_missing_required_fields" time="0.098" /><testcase classname="backend.tests.test_leads_module.TestLeadsCRUD" name="test_get_leads_list" time="0.095" /><testcase classname="backend.tests.test_leads_module.TestLeadsCRUD" name="test_get_leads_with_status_filter" time="0.046" /><testcase classname="backend.tests.test_leads_module.TestLeadsCRUD" name="test_get_leads_with_pagination" time="0.048" /><testcase classname="backend.tests.test_leads_module.TestLeadsCRUD" name="test_get_lead_by_id" time="0.049" /><testcase classname="backend.tests.test_leads_module.TestLeadsCRUD" name="test_get_lead_not_found" time="0.046" /><testcase classname="backend.tests.test_leads_module.TestLeadsCRUD" name="test_update_lead" time="0.094" /><testcase classname="backend.tests.test_leads_module.TestLeadsCRUD" name="test_update_lead_not_found" time="0.048" /><testcase classname="backend.tests.test_leads_module.TestLeadsCRUD" name="test_delete_lead" time="0.143" /><testcase classname="backend.tests.test_leads_module.TestLeadsCRUD" name="test_delete_lead_not_found" time="0.090" /><testcase classname="backend.tests.test_leads_module.TestLeadsAuthentication" name="test_get_leads_without_auth" time="0.132" /><testcase classname="backend.tests.test_leads_module.TestLeadsAuthentication" name="test_create_lead_without_auth" time="0.104" /><testcase classname="backend.tests.test_leads_module.TestLeadsAuthentication" name="test_get_lead_by_id_without_auth" time="0.111" /><testcase classname="backend.tests.test_leads_module.TestLeadsAuthentication" name="test_update_lead_without_auth" time="0.101" /><testcase classname="backend.tests.test_leads_module.TestLeadsAuthentication" name="test_delete_lead_without_auth" time="0.114" /><testcase classname="backend.tests.test_leads_module.TestLeadsAuthentication" name="test_phone_stats_without_auth" time="0.103" /><testcase classname="backend.tests.test_leads_module.TestLeadsUserIsolation" name="test_user_cannot_access_other_users_lead" time="0.511" /><testcase classname="backend.tests.test_leads_module.TestLeadsUserIsolation" name="test_users_see_only_their_leads" time="0.323" /><testcase classname="backend.tests.test_leads_module.TestLeadsPhoneStats" name="test_get_phone_stats" time="0.205" /><testcase classname="backend.tests.test_leads_module.TestLeadsPreviewExamples" name="test_preview_examples" time="7.760" /><testcase classname="backend.tests.test_leads_module.TestLeadsPreviewExamples" name="test_preview_examples_with_keywords" time="9.869" /><testcase classname="backend.tests.test_leads_module.TestLeadsExportCSV" name="test_export_csv" time="0.327" /><testcase classname="backend.tests.test_leads_module.TestLeadsExportCSV" name="test_export_csv_with_filters" time="0.061" /><testcase classname="backend.tests.test_leads_module.TestLeadsStatusTransitions" name="test_status_transitions" time="0.556" /></testsuite></testsuites>