<?xml version="1.0" encoding="utf-8"?><testsuites name="pytest tests"><testsuite name="pytest" errors="0" failures="0" skipped="0" tests="24" time="10.796" timestamp="2026-03-25T12:30:27.703907+00:00" hostname="agent-env-dbdb4538-971c-417f-a70d-d24afab88327"><testcase classname="backend.tests.test_tcpa_compliance.TestTCPACompliance" name="test_compliance_status_endpoint_returns_200" time="0.611" /><testcase classname="backend.tests.test_tcpa_compliance.TestTCPACompliance" name="test_compliance_status_has_tcpa_compliance_section" time="0.430" /><testcase classname="backend.tests.test_tcpa_compliance.TestTCPACompliance" name="test_compliance_status_has_state_restrictions" time="0.375" /><testcase classname="backend.tests.test_tcpa_compliance.TestTCPACompliance" name="test_compliance_status_has_checks_performed_list" time="0.442" /><testcase classname="backend.tests.test_tcpa_compliance.TestTCPACompliance" name="test_compliance_status_shows_dnc_api_not_configured" time="0.367" /><testcase classname="backend.tests.test_tcpa_compliance.TestTCPACompliance" name="test_calling_hours_texas_number" time="0.393" /><testcase classname="backend.tests.test_tcpa_compliance.TestTCPACompliance" name="test_calling_hours_california_number" time="0.375" /><testcase classname="backend.tests.test_tcpa_compliance.TestTCPACompliance" name="test_calling_hours_new_york_number" time="0.386" /><testcase classname="backend.tests.test_tcpa_compliance.TestTCPACompliance" name="test_calling_hours_florida_number" time="0.396" /><testcase classname="backend.tests.test_tcpa_compliance.TestTCPACompliance" name="test_calling_hours_connecticut_number" time="0.402" /><testcase classname="backend.tests.test_tcpa_compliance.TestTCPACompliance" name="test_calling_hours_returns_start_and_end_hours" time="0.378" /><testcase classname="backend.tests.test_tcpa_compliance.TestTCPACompliance" name="test_calling_hours_blocked_shows_reason" time="0.398" /><testcase classname="backend.tests.test_tcpa_compliance.TestTCPACompliance" name="test_national_dnc_check_returns_200" time="0.387" /><testcase classname="backend.tests.test_tcpa_compliance.TestTCPACompliance" name="test_national_dnc_check_response_structure" time="0.422" /><testcase classname="backend.tests.test_tcpa_compliance.TestTCPACompliance" name="test_national_dnc_check_shows_warning_without_api_key" time="0.380" /><testcase classname="backend.tests.test_tcpa_compliance.TestTCPACompliance" name="test_national_dnc_check_multiple_numbers" time="0.650" /><testcase classname="backend.tests.test_tcpa_compliance.TestTCPACompliance" name="test_full_compliance_check_returns_200" time="0.411" /><testcase classname="backend.tests.test_tcpa_compliance.TestTCPACompliance" name="test_full_compliance_check_has_is_allowed" time="0.374" /><testcase classname="backend.tests.test_tcpa_compliance.TestTCPACompliance" name="test_full_compliance_check_has_calling_hours_field" time="0.384" /><testcase classname="backend.tests.test_tcpa_compliance.TestTCPACompliance" name="test_full_compliance_check_has_national_dnc_field" time="0.383" /><testcase classname="backend.tests.test_tcpa_compliance.TestTCPACompliance" name="test_full_compliance_check_has_checks_performed" time="0.578" /><testcase classname="backend.tests.test_tcpa_compliance.TestTCPACompliance" name="test_full_compliance_check_has_reasons_when_blocked" time="0.508" /><testcase classname="backend.tests.test_tcpa_compliance.TestTCPACompliance" name="test_full_compliance_check_all_test_numbers" time="0.696" /><testcase classname="backend.tests.test_tcpa_compliance.TestTCPACompliance" name="test_compliance_endpoints_require_auth" time="0.578" /></testsuite></testsuites>