<?xml version="1.0" encoding="utf-8"?><testsuites name="pytest tests"><testsuite name="pytest" errors="0" failures="0" skipped="0" tests="11" time="0.384" timestamp="2026-06-25T19:35:08.412320+00:00" hostname="agent-env-54423f00-b191-4e6a-9297-93ae71702ed4"><testcase classname="tests.test_twilio_outbound_gate" name="test_1_call_creation_uses_url_callback_not_inline_twiml" time="0.008" /><testcase classname="tests.test_twilio_outbound_gate" name="test_2_no_opener_in_initial_call_request" time="0.004" /><testcase classname="tests.test_twilio_outbound_gate" name="test_3_and_4_answer_does_not_speak" time="0.005" /><testcase classname="tests.test_twilio_outbound_gate" name="test_5_and_6a_greeting_silent_gather_no_say" time="0.004" /><testcase classname="tests.test_twilio_outbound_gate" name="test_6b_respond_plays_elevenlabs_never_says" time="0.006" /><testcase classname="tests.test_twilio_outbound_gate" name="test_7_voicemail_and_ivr_do_not_start_conversation" time="0.007" /><testcase classname="tests.test_twilio_outbound_gate" name="test_8_dnc_request_writes_to_dnc_list" time="0.005" /><testcase classname="tests.test_twilio_outbound_gate" name="test_9_dialer_skips_dnc_numbers" time="0.002" /><testcase classname="tests.test_twilio_outbound_gate" name="test_classify_speech_human_vs_machine" time="0.000" /><testcase classname="tests.test_twilio_outbound_gate" name="test_10_kill_switch_blocks_outbound" time="0.003" /><testcase classname="tests.test_twilio_outbound_gate" name="test_classify_speech_human_vs_machine_DUPLICATE_GUARD" time="0.000" /></testsuite></testsuites>