<?xml version="1.0" encoding="utf-8"?><testsuites name="pytest tests"><testsuite name="pytest" errors="0" failures="0" skipped="0" tests="17" time="6.372" timestamp="2026-04-12T21:47:00.680011+00:00" hostname="agent-env-54423f00-b191-4e6a-9297-93ae71702ed4"><testcase classname="backend.tests.test_byok_integrations.TestVerifyTwilioEndpoint" name="test_verify_twilio_valid_credentials" time="0.571" /><testcase classname="backend.tests.test_byok_integrations.TestVerifyTwilioEndpoint" name="test_verify_twilio_invalid_credentials" time="0.396" /><testcase classname="backend.tests.test_byok_integrations.TestVerifyTwilioEndpoint" name="test_verify_twilio_unauthenticated" time="0.256" /><testcase classname="backend.tests.test_byok_integrations.TestVerifyTwilioEndpoint" name="test_verify_twilio_missing_fields" time="0.271" /><testcase classname="backend.tests.test_byok_integrations.TestVerifyElevenLabsEndpoint" name="test_verify_elevenlabs_valid_key" time="0.335" /><testcase classname="backend.tests.test_byok_integrations.TestVerifyElevenLabsEndpoint" name="test_verify_elevenlabs_invalid_key" time="0.342" /><testcase classname="backend.tests.test_byok_integrations.TestVerifyElevenLabsEndpoint" name="test_verify_elevenlabs_unauthenticated" time="0.276" /><testcase classname="backend.tests.test_byok_integrations.TestVerifyElevenLabsEndpoint" name="test_verify_elevenlabs_missing_key" time="0.258" /><testcase classname="backend.tests.test_byok_integrations.TestSaveIntegrationsEndpoint" name="test_save_twilio_credentials" time="0.282" /><testcase classname="backend.tests.test_byok_integrations.TestSaveIntegrationsEndpoint" name="test_save_elevenlabs_credentials" time="0.247" /><testcase classname="backend.tests.test_byok_integrations.TestSaveIntegrationsEndpoint" name="test_save_both_integrations" time="0.281" /><testcase classname="backend.tests.test_byok_integrations.TestSaveIntegrationsEndpoint" name="test_save_integrations_unauthenticated" time="0.231" /><testcase classname="backend.tests.test_byok_integrations.TestIntegrationStatusEndpoint" name="test_get_integration_status" time="0.238" /><testcase classname="backend.tests.test_byok_integrations.TestIntegrationStatusEndpoint" name="test_get_integration_status_unauthenticated" time="0.232" /><testcase classname="backend.tests.test_byok_integrations.TestIntegrationBalancesEndpoint" name="test_get_integration_balances" time="0.610" /><testcase classname="backend.tests.test_byok_integrations.TestIntegrationBalancesEndpoint" name="test_get_integration_balances_unauthenticated" time="0.260" /><testcase classname="backend.tests.test_byok_integrations.TestBYOKEndToEndFlow" name="test_complete_byok_setup_flow" time="1.203" /></testsuite></testsuites>