<?xml version="1.0" encoding="utf-8"?><testsuites name="pytest tests"><testsuite name="pytest" errors="0" failures="0" skipped="0" tests="8" time="10.547" timestamp="2026-03-27T16:29:42.347521+00:00" hostname="agent-env-54423f00-b191-4e6a-9297-93ae71702ed4"><testcase classname="backend.tests.test_voice_preview.TestVoicePreview" name="test_login_success" time="0.833" /><testcase classname="backend.tests.test_voice_preview.TestVoicePreview" name="test_agents_page_loads" time="0.578" /><testcase classname="backend.tests.test_voice_preview.TestVoicePreview" name="test_sarah_johnson_has_voice_settings" time="0.459" /><testcase classname="backend.tests.test_voice_preview.TestVoicePreview" name="test_voice_preview_endpoint_exists" time="0.572" /><testcase classname="backend.tests.test_voice_preview.TestVoicePreview" name="test_voice_preview_generates_audio" time="1.947" /><testcase classname="backend.tests.test_voice_preview.TestVoicePreview" name="test_voice_preview_with_different_text" time="1.560" /><testcase classname="backend.tests.test_voice_preview.TestVoicePreview" name="test_voice_preview_text_limit" time="4.089" /><testcase classname="backend.tests.test_voice_preview.TestVoicePreview" name="test_voice_settings_button_data" time="0.457" /></testsuite></testsuites>