<?xml version="1.0" encoding="utf-8"?><testsuites name="pytest tests"><testsuite name="pytest" errors="0" failures="0" skipped="1" tests="6" time="2.056" timestamp="2026-07-15T17:54:23.930761+00:00" hostname="agent-env-54423f00-b191-4e6a-9297-93ae71702ed4"><testcase classname="tests.test_vm_api_iter32" name="test_s1a_create_with_resolvable_callback_returns_200" time="0.603" /><testcase classname="tests.test_vm_api_iter32" name="test_s1b_create_with_vm_on_no_cb_hits_twilio_fallback" time="0.226" /><testcase classname="tests.test_vm_api_iter32" name="test_s2_update_message_and_callback_persist" time="0.574" /><testcase classname="tests.test_vm_api_iter32" name="test_s6_audio_url_reachable_if_present" time="0.229"><skipped type="pytest.skip" message="no cloned voice for test user — voicemail_audio_url null (user-verified in prod)">/app/backend/tests/test_vm_api_iter32.py:142: no cloned voice for test user — voicemail_audio_url null (user-verified in prod)</skipped></testcase><testcase classname="tests.test_vm_api_iter32" name="test_s7a_start_with_resolvable_callback_returns_200" time="0.336" /><testcase classname="tests.test_vm_api_iter32" name="test_s7b_source_has_all_three_callback_guards" time="0.000" /></testsuite></testsuites>