<?xml version="1.0" encoding="utf-8"?><testsuites name="pytest tests"><testsuite name="pytest" errors="0" failures="0" skipped="0" tests="27" time="7.865" timestamp="2026-04-05T16:47:34.376126+00:00" hostname="agent-env-54423f00-b191-4e6a-9297-93ae71702ed4"><testcase classname="tests.test_campaigns_module.TestCampaignsModuleSetup" name="test_health_check" time="0.248" /><testcase classname="tests.test_campaigns_module.TestCampaignsModuleSetup" name="test_admin_login" time="0.138" /><testcase classname="tests.test_campaigns_module.TestCampaignsCRUD" name="test_list_campaigns_requires_auth" time="0.127" /><testcase classname="tests.test_campaigns_module.TestCampaignsCRUD" name="test_list_campaigns_success" time="0.287" /><testcase classname="tests.test_campaigns_module.TestCampaignsCRUD" name="test_create_campaign_requires_auth" time="0.110" /><testcase classname="tests.test_campaigns_module.TestCampaignsCRUD" name="test_create_campaign_success" time="0.223" /><testcase classname="tests.test_campaigns_module.TestCampaignsCRUD" name="test_create_campaign_minimal_fields" time="0.194" /><testcase classname="tests.test_campaigns_module.TestCampaignsCRUD" name="test_get_campaign_by_id" time="0.313" /><testcase classname="tests.test_campaigns_module.TestCampaignsCRUD" name="test_get_campaign_not_found" time="0.108" /><testcase classname="tests.test_campaigns_module.TestCampaignsCRUD" name="test_update_campaign" time="0.444" /><testcase classname="tests.test_campaigns_module.TestCampaignsCRUD" name="test_update_campaign_not_found" time="0.105" /><testcase classname="tests.test_campaigns_module.TestCampaignsCRUD" name="test_delete_campaign" time="0.323" /><testcase classname="tests.test_campaigns_module.TestCampaignsCRUD" name="test_delete_campaign_not_found" time="0.099" /><testcase classname="tests.test_campaigns_module.TestCampaignStatusTransitions" name="test_start_campaign" time="0.581" /><testcase classname="tests.test_campaigns_module.TestCampaignStatusTransitions" name="test_pause_campaign" time="0.551" /><testcase classname="tests.test_campaigns_module.TestCampaignStatusTransitions" name="test_start_campaign_not_found" time="0.107" /><testcase classname="tests.test_campaigns_module.TestCampaignStatusTransitions" name="test_pause_campaign_not_found" time="0.100" /><testcase classname="tests.test_campaigns_module.TestCampaignFollowupSettings" name="test_get_followup_settings_default" time="0.350" /><testcase classname="tests.test_campaigns_module.TestCampaignFollowupSettings" name="test_update_followup_settings" time="0.215" /><testcase classname="tests.test_campaigns_module.TestCampaignFollowupSettings" name="test_get_followup_settings_not_found" time="0.119" /><testcase classname="tests.test_campaigns_module.TestCampaignFollowupSettings" name="test_update_followup_settings_not_found" time="0.200" /><testcase classname="tests.test_campaigns_module.TestCampaignMultiTenantIsolation" name="test_user_cannot_access_other_users_campaign" time="0.611" /><testcase classname="tests.test_campaigns_module.TestCampaignMultiTenantIsolation" name="test_user_cannot_update_other_users_campaign" time="0.309" /><testcase classname="tests.test_campaigns_module.TestCampaignMultiTenantIsolation" name="test_user_cannot_delete_other_users_campaign" time="0.560" /><testcase classname="tests.test_campaigns_module.TestCampaignMultiTenantIsolation" name="test_user_cannot_start_other_users_campaign" time="0.345" /><testcase classname="tests.test_campaigns_module.TestCampaignMultiTenantIsolation" name="test_user_cannot_access_other_users_followup_settings" time="0.299" /><testcase classname="tests.test_campaigns_module.TestCampaignMultiTenantIsolation" name="test_users_see_only_their_own_campaigns" time="0.739" /></testsuite></testsuites>