<?xml version="1.0" encoding="utf-8"?><testsuites name="pytest tests"><testsuite name="pytest" errors="0" failures="0" skipped="1" tests="77" time="4.558" timestamp="2026-07-15T17:55:44.371854+00:00" hostname="agent-env-54423f00-b191-4e6a-9297-93ae71702ed4"><testcase classname="tests.test_vm_cloned_audio" name="test_1_placeholder_stripping" time="0.001" /><testcase classname="tests.test_vm_cloned_audio" name="test_1b_four_variable_interpolation" time="0.000" /><testcase classname="tests.test_vm_cloned_audio" name="test_1c_bracket_placeholder_scrubbed" time="0.000" /><testcase classname="tests.test_vm_cloned_audio" name="test_2_refresh_writes_mp3_and_sets_url_with_opaque_token" time="0.025" /><testcase classname="tests.test_vm_cloned_audio" name="test_3_no_cloned_voice_clears_url_and_key" time="0.002" /><testcase classname="tests.test_vm_cloned_audio" name="test_4_twiml_uses_play_when_audio_url_present" time="0.000" /><testcase classname="tests.test_vm_cloned_audio" name="test_5_path_sanitization" time="0.000" /><testcase classname="tests.test_vm_cloned_audio" name="test_6_empty_synth_leaves_no_file_and_no_row_update" time="0.002" /><testcase classname="tests.test_vm_cloned_audio" name="test_7_read_missing_returns_none" time="0.001" /><testcase classname="tests.test_vm_cloned_audio" name="test_8_regeneration_deletes_old_file" time="0.003" /><testcase classname="tests.test_vm_cloned_audio" name="test_9_sweep_deletes_orphans" time="0.001" /><testcase classname="tests.test_vm_cloned_audio" name="test_10_sweep_deletes_expired_even_if_referenced" time="0.001" /><testcase classname="tests.test_vm_config" name="test_1_normalize_phone_for_speech" time="2.019" /><testcase classname="tests.test_vm_config" name="test_2a_callback_uses_campaign_field_first" time="0.001" /><testcase classname="tests.test_vm_config" name="test_2b_callback_falls_back_to_user_profile" time="0.001" /><testcase classname="tests.test_vm_config" name="test_2c_callback_falls_back_to_env" time="0.001" /><testcase classname="tests.test_vm_config" name="test_2d_callback_returns_none_when_nothing_available" time="0.001" /><testcase classname="tests.test_vm_config" name="test_3a_agent_name_uses_linked_agent" time="0.001" /><testcase classname="tests.test_vm_config" name="test_3b_agent_name_falls_back_to_user_profile" time="0.001" /><testcase classname="tests.test_vm_config" name="test_3c_agent_name_default_when_missing_everywhere" time="0.001" /><testcase classname="tests.test_vm_config" name="test_4_hydrate_attaches_resolved_fields" time="0.001" /><testcase classname="tests.test_vm_config" name="test_5_twiml_interpolates_four_variables" time="0.000" /><testcase classname="tests.test_vm_config" name="test_6_twiml_never_speaks_unresolved_literal_placeholder" time="0.000" /><testcase classname="tests.test_vm_config" name="test_7_default_script_is_well_formed" time="0.000" /><testcase classname="tests.test_ranktrust_webhook" name="test_1_hmac_valid_and_tampered" time="0.004" /><testcase classname="tests.test_ranktrust_webhook" name="test_2_token_fallback_query_and_header" time="0.004" /><testcase classname="tests.test_ranktrust_webhook" name="test_3_unauthorized_no_db_write" time="0.003" /><testcase classname="tests.test_ranktrust_webhook" name="test_4_missing_phone_needs_phone" time="0.054" /><testcase classname="tests.test_ranktrust_webhook" name="test_5_scheduled_row_created" time="0.004" /><testcase classname="tests.test_ranktrust_webhook" name="test_6_idempotent_on_packet_id" time="0.004" /><testcase classname="tests.test_ranktrust_webhook" name="test_7_delay_range_validation" time="0.004" /><testcase classname="tests.test_ranktrust_webhook" name="test_8_scheduler_respects_kill_switch" time="0.004" /><testcase classname="tests.test_ranktrust_webhook" name="test_9_scheduler_respects_dnc" time="0.004" /><testcase classname="tests.test_ranktrust_webhook" name="test_10_scheduler_happy_path" time="0.054" /><testcase classname="tests.test_ranktrust_webhook" name="test_11_callback_bearer_uses_token_but_body_omits_secrets" time="0.056" /><testcase classname="tests.test_ranktrust_webhook" name="test_12_public_view_redacts_callback_token" time="0.004" /><testcase classname="tests.test_ranktrust_webhook" name="test_13a_ranktrust_dial_gets_default_120s_cap" time="0.004" /><testcase classname="tests.test_ranktrust_webhook" name="test_13b_ranktrust_dial_honors_env_override" time="0.004" /><testcase classname="tests.test_ranktrust_webhook" name="test_13c_ranktrust_dial_falls_back_on_bad_env" time="0.004" /><testcase classname="tests.test_ranktrust_webhook" name="test_14a_timeline_unknown_packet_returns_404" time="0.003" /><testcase classname="tests.test_ranktrust_webhook" name="test_14b_timeline_partial_before_dial" time="0.004" /><testcase classname="tests.test_ranktrust_webhook" name="test_14c_timeline_full_happy_path" time="0.055" /><testcase classname="tests.test_ranktrust_webhook" name="test_14d_timeline_markdown_format" time="0.005" /><testcase classname="tests.test_ranktrust_webhook" name="test_15a_success_response_strict_shape" time="0.003" /><testcase classname="tests.test_ranktrust_webhook" name="test_15b_replay_includes_scheduled_call_id" time="0.004" /><testcase classname="tests.test_ranktrust_webhook" name="test_15c_needs_phone_has_null_scheduled_call_id" time="0.004" /><testcase classname="tests.test_ranktrust_webhook" name="test_15d_token_auth_records_signature_verified_false" time="0.004" /><testcase classname="tests.test_twilio_outbound_gate" name="test_1_call_creation_uses_url_callback_not_inline_twiml" time="0.007" /><testcase classname="tests.test_twilio_outbound_gate" name="test_2_no_opener_in_initial_call_request" time="0.003" /><testcase classname="tests.test_twilio_outbound_gate" name="test_3_and_4_answer_does_not_speak" time="0.005" /><testcase classname="tests.test_twilio_outbound_gate" name="test_5_and_6a_greeting_silent_gather_no_say" time="0.004" /><testcase classname="tests.test_twilio_outbound_gate" name="test_6b_respond_plays_elevenlabs_never_says" time="0.006" /><testcase classname="tests.test_twilio_outbound_gate" name="test_7_voicemail_and_ivr_do_not_start_conversation" time="0.007" /><testcase classname="tests.test_twilio_outbound_gate" name="test_8_dnc_request_writes_to_dnc_list" time="0.004" /><testcase classname="tests.test_twilio_outbound_gate" name="test_9_dialer_skips_dnc_numbers" time="0.002" /><testcase classname="tests.test_twilio_outbound_gate" name="test_classify_speech_human_vs_machine" time="0.000" /><testcase classname="tests.test_twilio_outbound_gate" name="test_10_kill_switch_blocks_outbound" time="0.002" /><testcase classname="tests.test_twilio_outbound_gate" name="test_classify_speech_human_vs_machine_DUPLICATE_GUARD" time="0.000" /><testcase classname="tests.test_twilio_outbound_gate" name="test_11a_admin_status_sentinel_blocks_live_dial" time="0.003" /><testcase classname="tests.test_twilio_outbound_gate" name="test_11b_admin_status_passing_report_allows_live_dial" time="0.003" /><testcase classname="tests.test_twilio_outbound_gate" name="test_11c_admin_status_missing_report_blocks_live_dial" time="0.002" /><testcase classname="tests.test_twilio_outbound_gate" name="test_11d_admin_status_failing_report_blocks_live_dial" time="0.003" /><testcase classname="tests.test_twilio_outbound_gate" name="test_11e_admin_status_malformed_report_treated_as_unknown" time="0.002" /><testcase classname="tests.test_twilio_outbound_gate" name="test_13a_no_time_limit_when_not_passed" time="0.002" /><testcase classname="tests.test_twilio_outbound_gate" name="test_13b_time_limit_forwarded_when_passed" time="0.002" /><testcase classname="tests.test_twilio_outbound_gate" name="test_13c_time_limit_ignores_non_positive" time="0.002" /><testcase classname="tests.test_twilio_outbound_gate" name="test_12a_elevenlabs_status_safe_after_successful_synth" time="0.002" /><testcase classname="tests.test_twilio_outbound_gate" name="test_12b_elevenlabs_status_down_when_api_unreachable" time="0.002" /><testcase classname="tests.test_twilio_outbound_gate" name="test_12c_elevenlabs_status_warn_on_high_latency" time="0.002" /><testcase classname="tests.test_twilio_outbound_gate" name="test_12d_elevenlabs_response_contains_no_secrets" time="0.002" /><testcase classname="tests.test_twilio_outbound_gate" name="test_12e_no_synth_loop_on_repeated_polling" time="0.023" /><testcase classname="tests.test_vm_api_iter32" name="test_s1a_create_with_resolvable_callback_returns_200" time="0.495" /><testcase classname="tests.test_vm_api_iter32" name="test_s1b_create_with_vm_on_no_cb_hits_twilio_fallback" time="0.221" /><testcase classname="tests.test_vm_api_iter32" name="test_s2_update_message_and_callback_persist" time="0.445" /><testcase classname="tests.test_vm_api_iter32" name="test_s6_audio_url_reachable_if_present" time="0.218"><skipped type="pytest.skip" message="no cloned voice for test user — voicemail_audio_url null (user-verified in prod)">/app/backend/tests/test_vm_api_iter32.py:142: no cloned voice for test user — voicemail_audio_url null (user-verified in prod)</skipped></testcase><testcase classname="tests.test_vm_api_iter32" name="test_s7a_start_with_resolvable_callback_returns_200" time="0.343" /><testcase classname="tests.test_vm_api_iter32" name="test_s7b_source_has_all_three_callback_guards" time="0.001" /></testsuite></testsuites>