<?xml version="1.0" encoding="utf-8"?><testsuites name="pytest tests"><testsuite name="pytest" errors="0" failures="2" skipped="0" tests="6" time="4.271" timestamp="2026-07-15T17:52:55.115505+00:00" hostname="agent-env-54423f00-b191-4e6a-9297-93ae71702ed4"><testcase classname="tests.test_vm_launch_blocker" name="test_section6_vm_audio_missing_token_returns_404" time="0.328" /><testcase classname="tests.test_vm_launch_blocker" name="test_section1_create_campaign_blocks_missing_callback" time="0.267" /><testcase classname="tests.test_vm_launch_blocker" name="test_section2_update_campaign_persists_callback_and_message" time="0.464" /><testcase classname="tests.test_vm_launch_blocker" name="test_section2_update_rejects_clearing_callback_with_vm_on" time="0.347"><failure message="AssertionError: backend allowed empty callback with vm on: 200 {&quot;id&quot;:&quot;bbfd1ad4-0877-4d94-8976-280c35f5db4f&quot;,&quot;user_id&quot;:&quot;user_4838e0c8f28f&quot;,&quot;name&quot;:&quot;TEST_launch_blocker_clearcb_ba4a2e&quot;,&quot;description&quot;:&quot;clear cb test&quot;,&quot;ai_script&quot;:&quot;test script&quot;,&quot;qualification_criteria&quot;:{},&quot;status&quot;:&quot;draft&quot;,&quot;calls_per_day&quot;:5,&quot;total_calls&quot;:0,&quot;successful_calls&quot;:0,&quot;qualified_leads&quot;:0,&quot;book&#10;assert 200 in (400, 422)&#10; +  where 200 = &lt;Response [200]&gt;.status_code">tests/test_vm_launch_blocker.py:188: in test_section2_update_rejects_clearing_callback_with_vm_on
    assert r2.status_code in (400, 422), \
E   AssertionError: backend allowed empty callback with vm on: 200 {"id":"bbfd1ad4-0877-4d94-8976-280c35f5db4f","user_id":"user_4838e0c8f28f","name":"TEST_launch_blocker_clearcb_ba4a2e","description":"clear cb test","ai_script":"test script","qualification_criteria":{},"status":"draft","calls_per_day":5,"total_calls":0,"successful_calls":0,"qualified_leads":0,"book
E   assert 200 in (400, 422)
E    +  where 200 = &lt;Response [200]&gt;.status_code</failure></testcase><testcase classname="tests.test_vm_launch_blocker" name="test_section7_start_campaign_blocks_when_no_callback" time="0.493"><failure message="AssertionError: expected 400, got 200: {&quot;message&quot;:&quot;Campaign started&quot;,&quot;status&quot;:&quot;active&quot;}&#10;assert 200 == 400&#10; +  where 200 = &lt;Response [200]&gt;.status_code">tests/test_vm_launch_blocker.py:254: in test_section7_start_campaign_blocks_when_no_callback
    assert r3.status_code == 400, \
E   AssertionError: expected 400, got 200: {"message":"Campaign started","status":"active"}
E   assert 200 == 400
E    +  where 200 = &lt;Response [200]&gt;.status_code</failure></testcase><testcase classname="tests.test_vm_launch_blocker" name="test_section3_normalize_phone_for_speech" time="2.297" /></testsuite></testsuites>