<?xml version="1.0" encoding="utf-8"?><testsuites name="pytest tests"><testsuite name="pytest" errors="0" failures="0" skipped="0" tests="15" time="6.714" timestamp="2026-03-23T13:14:46.057534+00:00" hostname="agent-env-3fe28dfe-3605-4016-8270-807e75b3e899"><testcase classname="backend.tests.test_auth_and_api.TestHealthCheck" name="test_api_root" time="0.152" /><testcase classname="backend.tests.test_auth_and_api.TestUserRegistration" name="test_register_new_user" time="0.363" /><testcase classname="backend.tests.test_auth_and_api.TestUserRegistration" name="test_register_duplicate_email" time="0.484" /><testcase classname="backend.tests.test_auth_and_api.TestUserLogin" name="test_login_success" time="0.656" /><testcase classname="backend.tests.test_auth_and_api.TestUserLogin" name="test_login_invalid_password" time="0.657" /><testcase classname="backend.tests.test_auth_and_api.TestUserLogin" name="test_login_nonexistent_user" time="0.455" /><testcase classname="backend.tests.test_auth_and_api.TestAuthMe" name="test_get_me_with_valid_token" time="0.444" /><testcase classname="backend.tests.test_auth_and_api.TestAuthMe" name="test_get_me_without_token" time="0.416" /><testcase classname="backend.tests.test_auth_and_api.TestAuthMe" name="test_get_me_with_invalid_token" time="0.468" /><testcase classname="backend.tests.test_auth_and_api.TestAuthLogout" name="test_logout_clears_session" time="0.539" /><testcase classname="backend.tests.test_auth_and_api.TestPacksAndPricing" name="test_get_packs" time="0.147" /><testcase classname="backend.tests.test_auth_and_api.TestTTSEndpoint" name="test_tts_generate" time="1.129" /><testcase classname="backend.tests.test_auth_and_api.TestTTSEndpoint" name="test_tts_voices" time="0.270" /><testcase classname="backend.tests.test_auth_and_api.TestExistingUserLogin" name="test_login_existing_user" time="0.321" /><testcase classname="backend.tests.test_auth_and_api.TestDashboardStats" name="test_get_dashboard_stats" time="0.142" /></testsuite></testsuites>